<?xml version="1.0" encoding="UTF-8"?>
<!-- Generated by org.testng.reporters.JUnitReportReporter -->
<testsuite skipped="0" hostname="LAPTOP-5A7V3BBH" name="com.class04.ListenerDemo" tests="3" failures="0" timestamp="2020-01-16T20:23:53 EST" time="0.012" errors="0">
  <testcase name="test2" time="0.001" classname="com.class04.ListenerDemo"/>
  <testcase name="test1" time="0.010" classname="com.class04.ListenerDemo"/>
  <testcase name="test3" time="0.001" classname="com.class04.ListenerDemo"/>
</testsuite> <!-- com.class04.ListenerDemo -->
