<?xml version="1.0" encoding="UTF-8"?>
<!-- Generated by org.testng.reporters.JUnitReportReporter -->
<testsuite skipped="0" hostname="LAPTOP-5A7V3BBH" name="com.class01.TaskTest2" tests="2" failures="0" timestamp="2020-01-11T14:31:54 EST" time="0.016" errors="0">
  <testcase name="TestTwo" time="0.000" classname="com.class01.TaskTest2"/>
  <testcase name="TestOne" time="0.016" classname="com.class01.TaskTest2"/>
</testsuite> <!-- com.class01.TaskTest2 -->
