<?xml version="1.0" encoding="UTF-8"?>
<!-- Generated by org.testng.reporters.JUnitReportReporter -->
<testsuite skipped="0" hostname="LAPTOP-5A7V3BBH" name="com.class01.TestNGDemo" tests="3" failures="0" timestamp="2020-01-11T14:23:31 EST" time="0.012" errors="0">
  <testcase name="TestThree" time="0.001" classname="com.class01.TestNGDemo"/>
  <testcase name="TestOne" time="0.011" classname="com.class01.TestNGDemo"/>
  <testcase name="TestTwo" time="0.000" classname="com.class01.TestNGDemo"/>
</testsuite> <!-- com.class01.TestNGDemo -->
