<?xml version="1.0" encoding="UTF-8"?>
<!-- Generated by org.testng.reporters.JUnitReportReporter -->
<testsuite skipped="0" hostname="LAPTOP-5A7V3BBH" name="com.class01.LogoValidation" tests="1" failures="0" timestamp="2020-01-12T00:03:34 EST" time="13.533" errors="0">
  <testcase name="LogoVal" time="13.533" classname="com.class01.LogoValidation"/>
</testsuite> <!-- com.class01.LogoValidation -->
