<?xml version="1.0" encoding="UTF-8"?>
<!-- Generated by org.testng.reporters.JUnitReportReporter -->
<testsuite skipped="0" hostname="LAPTOP-5A7V3BBH" name="com.class01.DifferentAnnotations" tests="1" failures="0" timestamp="2020-01-11T14:24:27 EST" time="0.000" errors="0">
  <testcase name="Test" time="0.000" classname="com.class01.DifferentAnnotations"/>
</testsuite> <!-- com.class01.DifferentAnnotations -->
