<?xml version="1.0" encoding="UTF-8"?>
<!-- Generated by org.testng.reporters.JUnitReportReporter -->
<testsuite skipped="0" hostname="LAPTOP-5A7V3BBH" name="com.class01.TitleLogoAndLoginVerification" tests="3" failures="0" timestamp="2020-01-12T00:01:47 EST" time="39.587" errors="0">
  <testcase name="LogoValidation" time="12.026" classname="com.class01.TitleLogoAndLoginVerification"/>
  <testcase name="ValidLogin" time="15.151" classname="com.class01.TitleLogoAndLoginVerification"/>
  <testcase name="TitleValidation" time="12.410" classname="com.class01.TitleLogoAndLoginVerification"/>
</testsuite> <!-- com.class01.TitleLogoAndLoginVerification -->
