<?xml version="1.0" encoding="UTF-8"?>
<!-- Generated by org.testng.reporters.JUnitReportReporter -->
<testsuite skipped="0" hostname="LAPTOP-5A7V3BBH" name="com.class01.TaskTest" tests="4" failures="0" timestamp="2020-01-11T14:20:36 EST" time="0.016" errors="0">
  <testcase name="Pink" time="0.016" classname="com.class01.TaskTest"/>
  <testcase name="Testing" time="0.000" classname="com.class01.TaskTest"/>
  <testcase name="Apple" time="0.000" classname="com.class01.TaskTest"/>
  <testcase name="Rainbow" time="0.000" classname="com.class01.TaskTest"/>
</testsuite> <!-- com.class01.TaskTest -->
