<?xml version="1.0" encoding="UTF-8"?>
<!-- Generated by org.testng.reporters.JUnitReportReporter -->
<testsuite skipped="0" hostname="LAPTOP-5A7V3BBH" name="com.class01.Homework1And2" tests="3" failures="0" timestamp="2020-01-12T12:22:05 EST" time="39.250" errors="0">
  <testcase name="login" time="14.277" classname="com.class01.Homework1And2"/>
  <testcase name="LogoVal" time="12.503" classname="com.class01.Homework1And2"/>
  <testcase name="valdiationOfMsg" time="12.470" classname="com.class01.Homework1And2"/>
</testsuite> <!-- com.class01.Homework1And2 -->
